[22:30:23] [main/INFO]: Loading Minecraft 1.20.1 with Fabric Loader 0.16.14
[22:30:23] [main/INFO]: Loading 4 mods:
	- fabricloader 0.16.14
	   \-- mixinextras 0.4.1
	- java 17
	- minecraft 1.20.1
[22:30:23] [main/INFO]: SpongePowered MIXIN Subsystem Version=0.8.7 Source=file:/workspaces/Cuy-landia-/servidor_minecraft/libraries/net/fabricmc/sponge-mixin/0.15.5+mixin.0.8.7/sponge-mixin-0.15.5+mixin.0.8.7.jar Service=Knot/Fabric Env=SERVER
[22:30:29] [main/INFO]: Environment: authHost='https://authserver.mojang.com', accountsHost='https://api.mojang.com', sessionHost='https://sessionserver.mojang.com', servicesHost='https://api.minecraftservices.com', name='PROD'
[22:30:30] [main/INFO]: Loaded 7 recipes
[22:30:31] [main/INFO]: Loaded 1271 advancements
[22:30:31] [Server thread/INFO]: Starting minecraft server version 1.20.1
[22:30:31] [Server thread/INFO]: Loading properties
[22:30:31] [Server thread/INFO]: Default game type: SURVIVAL
[22:30:31] [Server thread/INFO]: Generating keypair
[22:30:31] [Server thread/INFO]: Starting Minecraft server on *:25565
[22:30:31] [Server thread/INFO]: Using epoll channel type
[22:30:31] [Server thread/WARN]: **** SERVER IS RUNNING IN OFFLINE/INSECURE MODE!
[22:30:31] [Server thread/WARN]: The server will make no attempt to authenticate usernames. Beware.
[22:30:31] [Server thread/WARN]: While this makes the game possible to play without internet access, it also opens up the ability for hackers to connect with any username they choose.
[22:30:31] [Server thread/WARN]: To change this, set "online-mode" to "true" in the server.properties file.
[22:30:31] [Server thread/INFO]: Preparing level "world"
[22:30:38] [Server thread/INFO]: Preparing start region for dimension minecraft:overworld
[22:30:39] [Worker-Main-3/INFO]: Preparing spawn area: 0%
[22:30:39] [Worker-Main-1/INFO]: Preparing spawn area: 0%
[22:30:39] [Worker-Main-1/INFO]: Preparing spawn area: 0%
[22:30:40] [Worker-Main-3/INFO]: Preparing spawn area: 0%
[22:30:40] [Worker-Main-2/INFO]: Preparing spawn area: 0%
[22:30:41] [Worker-Main-2/INFO]: Preparing spawn area: 1%
[22:30:41] [Worker-Main-1/INFO]: Preparing spawn area: 1%
[22:30:42] [Worker-Main-3/INFO]: Preparing spawn area: 3%
[22:30:42] [Worker-Main-1/INFO]: Preparing spawn area: 4%
[22:30:43] [Worker-Main-1/INFO]: Preparing spawn area: 4%
[22:30:43] [Worker-Main-3/INFO]: Preparing spawn area: 6%
[22:30:44] [Worker-Main-1/INFO]: Preparing spawn area: 9%
[22:30:44] [Worker-Main-2/INFO]: Preparing spawn area: 10%
[22:30:45] [Worker-Main-3/INFO]: Preparing spawn area: 13%
[22:30:45] [Worker-Main-3/INFO]: Preparing spawn area: 15%
[22:30:46] [Worker-Main-1/INFO]: Preparing spawn area: 17%
[22:30:46] [Worker-Main-3/INFO]: Preparing spawn area: 20%
[22:30:47] [Worker-Main-2/INFO]: Preparing spawn area: 22%
[22:30:47] [Worker-Main-3/INFO]: Preparing spawn area: 24%
[22:30:48] [Worker-Main-1/INFO]: Preparing spawn area: 26%
[22:30:48] [Worker-Main-2/INFO]: Preparing spawn area: 30%
[22:30:49] [Worker-Main-2/INFO]: Preparing spawn area: 32%
[22:30:49] [Worker-Main-1/INFO]: Preparing spawn area: 35%
[22:30:50] [Worker-Main-1/INFO]: Preparing spawn area: 38%
[22:30:50] [Worker-Main-1/INFO]: Preparing spawn area: 41%
[22:30:51] [Worker-Main-1/INFO]: Preparing spawn area: 43%
[22:30:51] [Worker-Main-2/INFO]: Preparing spawn area: 46%
[22:30:52] [Worker-Main-3/INFO]: Preparing spawn area: 48%
[22:30:52] [Worker-Main-1/INFO]: Preparing spawn area: 52%
[22:30:53] [Worker-Main-1/INFO]: Preparing spawn area: 55%
[22:30:53] [Worker-Main-1/INFO]: Preparing spawn area: 57%
[22:30:54] [Worker-Main-1/INFO]: Preparing spawn area: 60%
[22:30:54] [Worker-Main-3/INFO]: Preparing spawn area: 63%
[22:30:55] [Worker-Main-2/INFO]: Preparing spawn area: 66%
[22:30:55] [Worker-Main-3/INFO]: Preparing spawn area: 68%
[22:30:56] [Worker-Main-1/INFO]: Preparing spawn area: 70%
[22:30:56] [Worker-Main-3/INFO]: Preparing spawn area: 72%
[22:30:57] [Worker-Main-1/INFO]: Preparing spawn area: 76%
[22:30:57] [Worker-Main-1/INFO]: Preparing spawn area: 80%
[22:30:58] [Worker-Main-3/INFO]: Preparing spawn area: 83%
[22:30:58] [Worker-Main-1/INFO]: Preparing spawn area: 84%
[22:30:59] [Worker-Main-3/INFO]: Preparing spawn area: 88%
[22:30:59] [Worker-Main-3/INFO]: Preparing spawn area: 92%
[22:31:00] [Worker-Main-1/INFO]: Preparing spawn area: 96%
[22:31:00] [Server thread/INFO]: Time elapsed: 22007 ms
[22:31:00] [Server thread/INFO]: Done (28.636s)! For help, type "help"
[22:31:07] [Server thread/INFO]: Stopping the server
[22:31:07] [Server thread/INFO]: Stopping server
[22:31:07] [Server thread/INFO]: Saving players
[22:31:07] [Server thread/INFO]: Saving worlds
[22:31:08] [Server thread/INFO]: Saving chunks for level 'ServerLevel[world]'/minecraft:overworld
[22:31:10] [Server thread/INFO]: Saving chunks for level 'ServerLevel[world]'/minecraft:the_end
[22:31:10] [Server thread/INFO]: Saving chunks for level 'ServerLevel[world]'/minecraft:the_nether
[22:31:10] [Server thread/INFO]: ThreadedAnvilChunkStorage (world): All chunks are saved
[22:31:10] [Server thread/INFO]: ThreadedAnvilChunkStorage (DIM1): All chunks are saved
[22:31:10] [Server thread/INFO]: ThreadedAnvilChunkStorage (DIM-1): All chunks are saved
[22:31:10] [Server thread/INFO]: ThreadedAnvilChunkStorage: All dimensions are saved
